[2020-01-16 12:16:23] merlin-logger.DEBUG: The welcome step has been displayed [] []
[2020-01-16 12:16:26] merlin-logger.DEBUG: The child theme installation step has been displayed [] []
[2020-01-16 12:16:28] merlin-logger.DEBUG: The child theme style.css content was generated [] []
[2020-01-16 12:16:28] merlin-logger.DEBUG: The child theme functions.php content was generated [] []
[2020-01-16 12:16:28] merlin-logger.DEBUG: The child theme screenshot was copied to the child theme, with the following result {"copied":true} []
[2020-01-16 12:16:28] merlin-logger.DEBUG: The newly generated child theme was activated [] []
[2020-01-16 12:16:35] merlin-logger.DEBUG: The plugin installation step has been displayed [] []
[2020-01-16 12:16:54] merlin-logger.DEBUG: A plugin with the following data will be processed {"plugin_slug":"advanced-custom-fields","message":"Installing"} []
[2020-01-16 12:17:14] merlin-logger.DEBUG: A plugin with the following data will be processed {"plugin_slug":"advanced-custom-fields","message":"Installing"} []
[2020-01-16 12:17:15] merlin-logger.DEBUG: A plugin with the following data will be processed {"plugin_slug":"elementor","message":"Installing"} []
[2020-01-16 12:17:50] merlin-logger.DEBUG: A plugin with the following data will be processed {"plugin_slug":"elementor","message":"Installing"} []
[2020-01-16 12:17:51] merlin-logger.DEBUG: A plugin with the following data will be processed {"plugin_slug":"neuron-core-bifrost","message":"Installing"} []
[2020-01-16 12:18:20] merlin-logger.DEBUG: A plugin with the following data will be processed {"plugin_slug":"neuron-core-bifrost","message":"Activating"} []
[2020-01-16 12:18:24] merlin-logger.DEBUG: A plugin with the following data was processed {"plugin_slug":"neuron-core-bifrost"} []
[2020-01-16 12:18:24] merlin-logger.DEBUG: A plugin with the following data will be processed {"plugin_slug":"contact-form-7","message":"Installing"} []
[2020-01-16 12:19:11] merlin-logger.DEBUG: A plugin with the following data will be processed {"plugin_slug":"contact-form-7","message":"Activating"} []
[2020-01-16 12:19:18] merlin-logger.DEBUG: A plugin with the following data was processed {"plugin_slug":"contact-form-7"} []
[2020-01-16 12:19:19] merlin-logger.DEBUG: A plugin with the following data will be processed {"plugin_slug":"one-click-demo-import","message":"Installing"} []
[2020-01-16 12:19:46] merlin-logger.DEBUG: A plugin with the following data will be processed {"plugin_slug":"one-click-demo-import","message":"Activating"} []
[2020-01-16 12:19:52] merlin-logger.DEBUG: A plugin with the following data was processed {"plugin_slug":"one-click-demo-import"} []
[2020-01-16 12:19:52] merlin-logger.DEBUG: A plugin with the following data will be processed {"plugin_slug":"revslider","message":"Installing"} []
[2020-01-16 12:20:30] merlin-logger.DEBUG: A plugin with the following data will be processed {"plugin_slug":"revslider","message":"Activating"} []
[2020-01-16 12:21:22] merlin-logger.DEBUG: A plugin with the following data was processed {"plugin_slug":"revslider"} []
[2020-01-16 12:21:23] merlin-logger.DEBUG: A plugin with the following data will be processed {"plugin_slug":"woocommerce","message":"Installing"} []
[2020-01-16 12:22:46] merlin-logger.DEBUG: A plugin with the following data will be processed {"plugin_slug":"woocommerce","message":"Activating"} []
[2020-01-16 12:23:22] merlin-logger.DEBUG: A plugin with the following data was processed {"plugin_slug":"woocommerce"} []
[2020-01-16 12:23:27] merlin-logger.DEBUG: The final step has been displayed [] []
